e:\★텍스트자료\onedrive\2018년도 졸업작품\thelastone\server\iocp class server [c++]\iocp server\x64\release\vc141.pdb
e:\★텍스트자료\onedrive\2018년도 졸업작품\thelastone\server\iocp class server [c++]\iocp server\x64\release\timer.obj
e:\★텍스트자료\onedrive\2018년도 졸업작품\thelastone\server\iocp class server [c++]\iocp server\x64\release\main.obj
e:\★텍스트자료\onedrive\2018년도 졸업작품\thelastone\server\iocp class server [c++]\iocp server\x64\release\iocp_server.obj
e:\★텍스트자료\onedrive\2018년도 졸업작품\thelastone\server\iocp class server [c++]\iocp server\x64\release\game_room.obj
e:\★텍스트자료\onedrive\2018년도 졸업작품\thelastone\server\iocp class server [c++]\iocp server\x64\release\game_zombie.obj
e:\★텍스트자료\onedrive\2018년도 졸업작품\thelastone\server\iocp class server [c++]\iocp server\x64\release\room_manager.obj
e:\★텍스트자료\onedrive\2018년도 졸업작품\thelastone\server\iocp class server [c++]\iocp server\x64\release\game_item.obj
e:\★텍스트자료\onedrive\2018년도 졸업작품\thelastone\server\iocp class server [c++]\iocp server\x64\release\game_dangerline.obj
e:\★텍스트자료\onedrive\2018년도 졸업작품\thelastone\server\iocp class server [c++]\iocp server\x64\release\game_client.obj
e:\★텍스트자료\onedrive\2018년도 졸업작품\thelastone\server\iocp class server [c++]\x64\release\iocp server.ipdb
e:\★텍스트자료\onedrive\2018년도 졸업작품\thelastone\server\iocp class server [c++]\x64\release\iocp server.iobj
e:\★텍스트자료\onedrive\2018년도 졸업작품\thelastone\server\iocp class server [c++]\x64\release\iocp server.exe
e:\★텍스트자료\onedrive\2018년도 졸업작품\thelastone\server\iocp class server [c++]\x64\release\iocp server.pdb
e:\★텍스트자료\onedrive\2018년도 졸업작품\thelastone\server\iocp class server [c++]\iocp server\x64\release\iocp server.tlog\cl.command.1.tlog
e:\★텍스트자료\onedrive\2018년도 졸업작품\thelastone\server\iocp class server [c++]\iocp server\x64\release\iocp server.tlog\cl.read.1.tlog
e:\★텍스트자료\onedrive\2018년도 졸업작품\thelastone\server\iocp class server [c++]\iocp server\x64\release\iocp server.tlog\cl.write.1.tlog
e:\★텍스트자료\onedrive\2018년도 졸업작품\thelastone\server\iocp class server [c++]\iocp server\x64\release\iocp server.tlog\iocp server.write.1u.tlog
e:\★텍스트자료\onedrive\2018년도 졸업작품\thelastone\server\iocp class server [c++]\iocp server\x64\release\iocp server.tlog\link.command.1.tlog
e:\★텍스트자료\onedrive\2018년도 졸업작품\thelastone\server\iocp class server [c++]\iocp server\x64\release\iocp server.tlog\link.read.1.tlog
e:\★텍스트자료\onedrive\2018년도 졸업작품\thelastone\server\iocp class server [c++]\iocp server\x64\release\iocp server.tlog\link.write.1.tlog
